[41782:41782:0217/162001.947221:INFO:chrome_browser_cloud_management_controller.cc(196)] No machine level policy manager exists.
[41823:41823:0217/162002.055928:WARNING:sandbox_linux.cc(430)] InitializeSandbox() called with multiple threads in process gpu-process.
[41823:41823:0217/162002.056982:WARNING:viz_main_impl.cc(85)] VizNullHypothesis is disabled (not a warning)
[41782:41782:0217/162002.179058:ERROR:object_proxy.cc(576)] Failed to call method: org.freedesktop.ScreenSaver.GetActive: object_path= /org/freedesktop/ScreenSaver: org.freedesktop.DBus.Error.NotSupported: This method is not part of the idle inhibition specification: https://specifications.freedesktop.org/idle-inhibit-spec/latest/
[41782:41782:0217/162002.368620:INFO:CONSOLE(684)] "Event handler of 'error' event must be added on the initial evaluation of worker script.", source: https://www.gstatic.com/_/messagesweb/_/js/k=messagesweb.sw.pt_BR.5FJa6l9OZJ4.O/am=gBk/d=1/rs=AIp04d874T1foDdHJABABc4-sXDpLLnZIQ/m=sw (684)
[41782:41782:0217/162002.368722:INFO:CONSOLE(684)] "Event handler of 'unhandledrejection' event must be added on the initial evaluation of worker script.", source: https://www.gstatic.com/_/messagesweb/_/js/k=messagesweb.sw.pt_BR.5FJa6l9OZJ4.O/am=gBk/d=1/rs=AIp04d874T1foDdHJABABc4-sXDpLLnZIQ/m=sw (684)
[41782:41782:0217/162002.375364:INFO:CONSOLE(225)] "Event handler of 'online' event must be added on the initial evaluation of worker script.", source: https://www.gstatic.com/_/messagesweb/_/js/k=messagesweb.sw.pt_BR.5FJa6l9OZJ4.O/am=gBk/d=1/rs=AIp04d874T1foDdHJABABc4-sXDpLLnZIQ/m=sw (225)
[41782:41782:0217/162002.375484:INFO:CONSOLE(225)] "Event handler of 'offline' event must be added on the initial evaluation of worker script.", source: https://www.gstatic.com/_/messagesweb/_/js/k=messagesweb.sw.pt_BR.5FJa6l9OZJ4.O/am=gBk/d=1/rs=AIp04d874T1foDdHJABABc4-sXDpLLnZIQ/m=sw (225)
[41782:41782:0217/162002.375983:INFO:CONSOLE(225)] "Event handler of 'online' event must be added on the initial evaluation of worker script.", source: https://www.gstatic.com/_/messagesweb/_/js/k=messagesweb.sw.pt_BR.5FJa6l9OZJ4.O/am=gBk/d=1/rs=AIp04d874T1foDdHJABABc4-sXDpLLnZIQ/m=sw (225)
[41782:41782:0217/162002.379516:INFO:CONSOLE(225)] "Event handler of 'online' event must be added on the initial evaluation of worker script.", source: https://www.gstatic.com/_/messagesweb/_/js/k=messagesweb.sw.pt_BR.5FJa6l9OZJ4.O/am=gBk/d=1/rs=AIp04d874T1foDdHJABABc4-sXDpLLnZIQ/m=sw (225)
[41782:41782:0217/162002.379650:INFO:CONSOLE(712)] "Event handler of 'visibilitychange' event must be added on the initial evaluation of worker script.", source: https://www.gstatic.com/_/messagesweb/_/js/k=messagesweb.sw.pt_BR.5FJa6l9OZJ4.O/am=gBk/d=1/rs=AIp04d874T1foDdHJABABc4-sXDpLLnZIQ/m=sw (712)
[41782:41782:0217/162002.380182:INFO:CONSOLE(225)] "Event handler of 'online' event must be added on the initial evaluation of worker script.", source: https://www.gstatic.com/_/messagesweb/_/js/k=messagesweb.sw.pt_BR.5FJa6l9OZJ4.O/am=gBk/d=1/rs=AIp04d874T1foDdHJABABc4-sXDpLLnZIQ/m=sw (225)
[41782:41782:0217/162006.596109:INFO:CONSOLE(684)] "Event handler of 'error' event must be added on the initial evaluation of worker script.", source: https://www.gstatic.com/_/messagesweb/_/js/k=messagesweb.sw.pt_BR.5FJa6l9OZJ4.O/am=gBk/d=1/rs=AIp04d874T1foDdHJABABc4-sXDpLLnZIQ/m=sw (684)
[41782:41782:0217/162006.596211:INFO:CONSOLE(684)] "Event handler of 'unhandledrejection' event must be added on the initial evaluation of worker script.", source: https://www.gstatic.com/_/messagesweb/_/js/k=messagesweb.sw.pt_BR.5FJa6l9OZJ4.O/am=gBk/d=1/rs=AIp04d874T1foDdHJABABc4-sXDpLLnZIQ/m=sw (684)
[41782:41782:0217/162006.601336:INFO:CONSOLE(225)] "Event handler of 'online' event must be added on the initial evaluation of worker script.", source: https://www.gstatic.com/_/messagesweb/_/js/k=messagesweb.sw.pt_BR.5FJa6l9OZJ4.O/am=gBk/d=1/rs=AIp04d874T1foDdHJABABc4-sXDpLLnZIQ/m=sw (225)
[41782:41782:0217/162006.601430:INFO:CONSOLE(225)] "Event handler of 'offline' event must be added on the initial evaluation of worker script.", source: https://www.gstatic.com/_/messagesweb/_/js/k=messagesweb.sw.pt_BR.5FJa6l9OZJ4.O/am=gBk/d=1/rs=AIp04d874T1foDdHJABABc4-sXDpLLnZIQ/m=sw (225)
[41782:41782:0217/162006.601936:INFO:CONSOLE(225)] "Event handler of 'online' event must be added on the initial evaluation of worker script.", source: https://www.gstatic.com/_/messagesweb/_/js/k=messagesweb.sw.pt_BR.5FJa6l9OZJ4.O/am=gBk/d=1/rs=AIp04d874T1foDdHJABABc4-sXDpLLnZIQ/m=sw (225)
[41782:41782:0217/162006.603790:INFO:CONSOLE(225)] "Event handler of 'online' event must be added on the initial evaluation of worker script.", source: https://www.gstatic.com/_/messagesweb/_/js/k=messagesweb.sw.pt_BR.5FJa6l9OZJ4.O/am=gBk/d=1/rs=AIp04d874T1foDdHJABABc4-sXDpLLnZIQ/m=sw (225)
[41782:41782:0217/162006.603856:INFO:CONSOLE(712)] "Event handler of 'visibilitychange' event must be added on the initial evaluation of worker script.", source: https://www.gstatic.com/_/messagesweb/_/js/k=messagesweb.sw.pt_BR.5FJa6l9OZJ4.O/am=gBk/d=1/rs=AIp04d874T1foDdHJABABc4-sXDpLLnZIQ/m=sw (712)
[41782:41782:0217/162006.604387:INFO:CONSOLE(225)] "Event handler of 'online' event must be added on the initial evaluation of worker script.", source: https://www.gstatic.com/_/messagesweb/_/js/k=messagesweb.sw.pt_BR.5FJa6l9OZJ4.O/am=gBk/d=1/rs=AIp04d874T1foDdHJABABc4-sXDpLLnZIQ/m=sw (225)
[41782:41782:0217/162008.583770:INFO:CONSOLE(0)] "The resource https://www.gstatic.com/android-messages-web/images/2022.3/inactive_512.png was preloaded using link preload but not used within a few seconds from the window's load event. Please make sure it has an appropriate `as` value and it is preloaded intentionally.", source: https://messages.google.com/web/conversations (0)
[41782:41782:0217/162008.583904:INFO:CONSOLE(0)] "The resource https://www.gstatic.com/android-messages-web/images/2022.3/inactive_96.png was preloaded using link preload but not used within a few seconds from the window's load event. Please make sure it has an appropriate `as` value and it is preloaded intentionally.", source: https://messages.google.com/web/conversations (0)
[41782:41782:0217/162012.856291:INFO:CONSOLE(0)] "The resource https://www.gstatic.com/android-messages-web/images/2022.3/inactive_512.png was preloaded using link preload but not used within a few seconds from the window's load event. Please make sure it has an appropriate `as` value and it is preloaded intentionally.", source: https://messages.google.com/web/conversations (0)
[41782:41782:0217/162012.856402:INFO:CONSOLE(0)] "The resource https://www.gstatic.com/android-messages-web/images/2022.3/inactive_96.png was preloaded using link preload but not used within a few seconds from the window's load event. Please make sure it has an appropriate `as` value and it is preloaded intentionally.", source: https://messages.google.com/web/conversations (0)
[41782:41782:0217/162020.774809:INFO:CONSOLE(684)] "Event handler of 'error' event must be added on the initial evaluation of worker script.", source: https://www.gstatic.com/_/messagesweb/_/js/k=messagesweb.sw.pt_BR.5FJa6l9OZJ4.O/am=gBk/d=1/rs=AIp04d874T1foDdHJABABc4-sXDpLLnZIQ/m=sw (684)
[41782:41782:0217/162020.774917:INFO:CONSOLE(684)] "Event handler of 'unhandledrejection' event must be added on the initial evaluation of worker script.", source: https://www.gstatic.com/_/messagesweb/_/js/k=messagesweb.sw.pt_BR.5FJa6l9OZJ4.O/am=gBk/d=1/rs=AIp04d874T1foDdHJABABc4-sXDpLLnZIQ/m=sw (684)
[41782:41782:0217/162020.782207:INFO:CONSOLE(225)] "Event handler of 'online' event must be added on the initial evaluation of worker script.", source: https://www.gstatic.com/_/messagesweb/_/js/k=messagesweb.sw.pt_BR.5FJa6l9OZJ4.O/am=gBk/d=1/rs=AIp04d874T1foDdHJABABc4-sXDpLLnZIQ/m=sw (225)
[41782:41782:0217/162020.782303:INFO:CONSOLE(225)] "Event handler of 'offline' event must be added on the initial evaluation of worker script.", source: https://www.gstatic.com/_/messagesweb/_/js/k=messagesweb.sw.pt_BR.5FJa6l9OZJ4.O/am=gBk/d=1/rs=AIp04d874T1foDdHJABABc4-sXDpLLnZIQ/m=sw (225)
[41782:41782:0217/162020.782827:INFO:CONSOLE(225)] "Event handler of 'online' event must be added on the initial evaluation of worker script.", source: https://www.gstatic.com/_/messagesweb/_/js/k=messagesweb.sw.pt_BR.5FJa6l9OZJ4.O/am=gBk/d=1/rs=AIp04d874T1foDdHJABABc4-sXDpLLnZIQ/m=sw (225)
[41782:41782:0217/162020.784538:INFO:CONSOLE(225)] "Event handler of 'online' event must be added on the initial evaluation of worker script.", source: https://www.gstatic.com/_/messagesweb/_/js/k=messagesweb.sw.pt_BR.5FJa6l9OZJ4.O/am=gBk/d=1/rs=AIp04d874T1foDdHJABABc4-sXDpLLnZIQ/m=sw (225)
[41782:41782:0217/162020.784675:INFO:CONSOLE(712)] "Event handler of 'visibilitychange' event must be added on the initial evaluation of worker script.", source: https://www.gstatic.com/_/messagesweb/_/js/k=messagesweb.sw.pt_BR.5FJa6l9OZJ4.O/am=gBk/d=1/rs=AIp04d874T1foDdHJABABc4-sXDpLLnZIQ/m=sw (712)
[41782:41782:0217/162020.785089:INFO:CONSOLE(225)] "Event handler of 'online' event must be added on the initial evaluation of worker script.", source: https://www.gstatic.com/_/messagesweb/_/js/k=messagesweb.sw.pt_BR.5FJa6l9OZJ4.O/am=gBk/d=1/rs=AIp04d874T1foDdHJABABc4-sXDpLLnZIQ/m=sw (225)
[41825:41828:0217/162021.895721:WARNING:sqlite_persistent_store_backend_base.cc(198)] Failed to post task from FlushAndNotifyInBackground@net/extras/sqlite/sqlite_persistent_store_backend_base.cc:247 to client_task_runner_.
[41825:41828:0217/162021.895913:WARNING:sqlite_persistent_store_backend_base.cc(198)] Failed to post task from FlushAndNotifyInBackground@net/extras/sqlite/sqlite_persistent_store_backend_base.cc:247 to client_task_runner_.
