[19845:19845:0217/115729.281028:INFO:chrome_browser_cloud_management_controller.cc(196)] No machine level policy manager exists.
[19884:19884:0217/115729.478589:WARNING:sandbox_linux.cc(430)] InitializeSandbox() called with multiple threads in process gpu-process.
[19884:19884:0217/115729.479886:WARNING:viz_main_impl.cc(85)] VizNullHypothesis is disabled (not a warning)
[19845:19845:0217/115729.673553:ERROR:object_proxy.cc(576)] Failed to call method: org.freedesktop.ScreenSaver.GetActive: object_path= /org/freedesktop/ScreenSaver: org.freedesktop.DBus.Error.NotSupported: This method is not part of the idle inhibition specification: https://specifications.freedesktop.org/idle-inhibit-spec/latest/
[19884:19884:0217/115730.191553:ERROR:shared_image_manager.cc(249)] SharedImageManager::ProduceSkia: Trying to Produce a Skia representation from a non-existent mailbox.
[19884:19884:0217/115732.985790:ERROR:gl_surface_presentation_helper.cc(260)] GetVSyncParametersIfAvailable() failed for 1 times!
[19845:19845:0217/115735.982380:INFO:CONSOLE(0)] "The resource https://www.gstatic.com/android-messages-web/images/2022.3/inactive_512.png was preloaded using link preload but not used within a few seconds from the window's load event. Please make sure it has an appropriate `as` value and it is preloaded intentionally.", source: https://messages.google.com/web/welcome (0)
[19845:19845:0217/115735.982492:INFO:CONSOLE(0)] "The resource https://www.gstatic.com/android-messages-web/images/2022.3/inactive_96.png was preloaded using link preload but not used within a few seconds from the window's load event. Please make sure it has an appropriate `as` value and it is preloaded intentionally.", source: https://messages.google.com/web/welcome (0)
[19845:19845:0217/115736.045899:INFO:CONSOLE(684)] "Event handler of 'error' event must be added on the initial evaluation of worker script.", source: https://www.gstatic.com/_/messagesweb/_/js/k=messagesweb.sw.pt_BR.5FJa6l9OZJ4.O/am=gBk/d=1/rs=AIp04d874T1foDdHJABABc4-sXDpLLnZIQ/m=sw (684)
[19845:19845:0217/115736.046065:INFO:CONSOLE(684)] "Event handler of 'unhandledrejection' event must be added on the initial evaluation of worker script.", source: https://www.gstatic.com/_/messagesweb/_/js/k=messagesweb.sw.pt_BR.5FJa6l9OZJ4.O/am=gBk/d=1/rs=AIp04d874T1foDdHJABABc4-sXDpLLnZIQ/m=sw (684)
[19845:19845:0217/115736.055420:INFO:CONSOLE(225)] "Event handler of 'online' event must be added on the initial evaluation of worker script.", source: https://www.gstatic.com/_/messagesweb/_/js/k=messagesweb.sw.pt_BR.5FJa6l9OZJ4.O/am=gBk/d=1/rs=AIp04d874T1foDdHJABABc4-sXDpLLnZIQ/m=sw (225)
[19845:19845:0217/115736.055586:INFO:CONSOLE(225)] "Event handler of 'offline' event must be added on the initial evaluation of worker script.", source: https://www.gstatic.com/_/messagesweb/_/js/k=messagesweb.sw.pt_BR.5FJa6l9OZJ4.O/am=gBk/d=1/rs=AIp04d874T1foDdHJABABc4-sXDpLLnZIQ/m=sw (225)
[19845:19845:0217/115736.056875:INFO:CONSOLE(225)] "Event handler of 'online' event must be added on the initial evaluation of worker script.", source: https://www.gstatic.com/_/messagesweb/_/js/k=messagesweb.sw.pt_BR.5FJa6l9OZJ4.O/am=gBk/d=1/rs=AIp04d874T1foDdHJABABc4-sXDpLLnZIQ/m=sw (225)
[19845:19845:0217/115736.060602:INFO:CONSOLE(225)] "Event handler of 'online' event must be added on the initial evaluation of worker script.", source: https://www.gstatic.com/_/messagesweb/_/js/k=messagesweb.sw.pt_BR.5FJa6l9OZJ4.O/am=gBk/d=1/rs=AIp04d874T1foDdHJABABc4-sXDpLLnZIQ/m=sw (225)
[19845:19845:0217/115736.060859:INFO:CONSOLE(712)] "Event handler of 'visibilitychange' event must be added on the initial evaluation of worker script.", source: https://www.gstatic.com/_/messagesweb/_/js/k=messagesweb.sw.pt_BR.5FJa6l9OZJ4.O/am=gBk/d=1/rs=AIp04d874T1foDdHJABABc4-sXDpLLnZIQ/m=sw (712)
[19845:19845:0217/115736.061701:INFO:CONSOLE(225)] "Event handler of 'online' event must be added on the initial evaluation of worker script.", source: https://www.gstatic.com/_/messagesweb/_/js/k=messagesweb.sw.pt_BR.5FJa6l9OZJ4.O/am=gBk/d=1/rs=AIp04d874T1foDdHJABABc4-sXDpLLnZIQ/m=sw (225)
[19884:19884:0217/115738.214534:ERROR:gl_surface_presentation_helper.cc(260)] GetVSyncParametersIfAvailable() failed for 2 times!
[19845:19845:0217/115740.427678:WARNING:controller_impl.cc(1187)] Background download complete, client: 6, completion type: 0, file size:5184
[19845:19845:0217/115740.706673:WARNING:controller_impl.cc(1187)] Background download complete, client: 6, completion type: 0, file size:265059
[19845:19845:0217/115741.497862:WARNING:controller_impl.cc(1187)] Background download complete, client: 6, completion type: 0, file size:883094
[19845:19845:0217/115741.556391:WARNING:controller_impl.cc(1187)] Background download complete, client: 6, completion type: 0, file size:2200227
[19845:19845:0217/115741.763611:WARNING:controller_impl.cc(1187)] Background download complete, client: 6, completion type: 0, file size:45159
[19845:19845:0217/115742.436493:WARNING:controller_impl.cc(1187)] Background download complete, client: 6, completion type: 0, file size:2747169
[19845:19845:0217/115742.473000:WARNING:controller_impl.cc(1187)] Background download complete, client: 6, completion type: 0, file size:4680
[19845:19845:0217/115742.856661:WARNING:controller_impl.cc(1187)] Background download complete, client: 6, completion type: 0, file size:118577
[19845:19845:0217/115743.660199:INFO:CONSOLE(0)] "The resource https://www.gstatic.com/android-messages-web/images/2022.3/inactive_512.png was preloaded using link preload but not used within a few seconds from the window's load event. Please make sure it has an appropriate `as` value and it is preloaded intentionally.", source: https://messages.google.com/web/welcome (0)
[19845:19845:0217/115743.660426:INFO:CONSOLE(0)] "The resource https://www.gstatic.com/android-messages-web/images/2022.3/inactive_96.png was preloaded using link preload but not used within a few seconds from the window's load event. Please make sure it has an appropriate `as` value and it is preloaded intentionally.", source: https://messages.google.com/web/welcome (0)
[20272:20272:0217/120029.399141:WARNING:sandbox_linux.cc(430)] InitializeSandbox() called with multiple threads in process utility.
[19884:19884:0217/120154.861000:ERROR:gl_surface_presentation_helper.cc(260)] GetVSyncParametersIfAvailable() failed for 3 times!
